<?xml version="1.0" encoding="UTF-8"?>
<!-- Generated by org.testng.reporters.JUnitXMLReporter -->
<testsuite hostname="DESKTOP-ATOQJFI" ignored="0" name="Test" tests="1" failures="1" timestamp="2020-09-21T05:54:03 PDT" time="0.152" errors="0">
  <testcase name="handlingFrames" time="0.027" classname="com.atmecs.phptravel.pageaction.ChatboxPageactions">
    <failure type="java.lang.NullPointerException">
      <![CDATA[java.lang.NullPointerException
at com.atmecs.phptravel.pageaction.ChatboxPageactions.handlingFrames(ChatboxPageactions.java:25)
at java.util.ArrayList.forEach(ArrayList.java:1259)
... Removed 27 stack frames]]>
    </failure>
  </testcase> <!-- handlingFrames -->
</testsuite> <!-- Test -->
