<?xml version="1.0" encoding="UTF-8"?>
<testng-results skipped="0" failed="0" ignored="0" total="1" passed="1">
  <reporter-output>
  </reporter-output>
  <suite name="Default suite" duration-ms="163110" started-at="2020-09-18T09:12:16 PDT" finished-at="2020-09-18T09:14:59 PDT">
    <groups>
    </groups>
    <test name="Default test" duration-ms="163110" started-at="2020-09-18T09:12:16 PDT" finished-at="2020-09-18T09:14:59 PDT">
      <class name="com.atmecs.phptravel.testscript.TestScript">
        <test-method status="PASS" signature="invokeBrowser()[pri:0, instance:com.atmecs.phptravel.testscript.TestScript@1c3a4799]" name="invokeBrowser" is-config="true" duration-ms="129223" started-at="2020-09-18T09:12:16 PDT" finished-at="2020-09-18T09:14:25 PDT">
          <reporter-output>
          </reporter-output>
        </test-method> <!-- invokeBrowser -->
        <test-method status="PASS" signature="handlingFrames()[pri:0, instance:com.atmecs.phptravel.testscript.TestScript@1c3a4799]" name="handlingFrames" duration-ms="31328" started-at="2020-09-18T09:14:26 PDT" finished-at="2020-09-18T09:14:57 PDT">
          <reporter-output>
          </reporter-output>
        </test-method> <!-- handlingFrames -->
      </class> <!-- com.atmecs.phptravel.testscript.TestScript -->
    </test> <!-- Default test -->
  </suite> <!-- Default suite -->
</testng-results>
